<?xml version="1.0" encoding="UTF-8"?>
<testng-results ignored="0" total="8" passed="7" failed="1" skipped="0">
  <reporter-output>
  </reporter-output>
  <suite started-at="2020-07-18T02:27:47Z" name="MATRIX CA AUTOMATION - REGRESSION TEST SUITE" finished-at="2020-07-18T02:29:04Z" duration-ms="77223">
    <groups>
    </groups>
    <test started-at="2020-07-18T02:27:47Z" name="Matrix CA Test Cases" finished-at="2020-07-18T02:29:04Z" duration-ms="77223">
      <class name="matrix.ca.testcases.LoginPageTest">
        <test-method is-config="true" signature="setUp()[pri:0, instance:matrix.ca.testcases.LoginPageTest@b46e103]" started-at="2020-07-17T21:27:47Z" name="setUp" finished-at="2020-07-17T21:27:57Z" duration-ms="9620" status="PASS">
          <reporter-output>
          </reporter-output>
        </test-method> <!-- setUp -->
        <test-method signature="LoginPageTitleTest()[pri:1, instance:matrix.ca.testcases.LoginPageTest@b46e103]" started-at="2020-07-17T21:27:57Z" name="LoginPageTitleTest" finished-at="2020-07-17T21:27:57Z" duration-ms="37" status="PASS">
          <reporter-output>
          </reporter-output>
        </test-method> <!-- LoginPageTitleTest -->
        <test-method is-config="true" signature="closeBrowser()[pri:0, instance:matrix.ca.testcases.LoginPageTest@b46e103]" started-at="2020-07-17T21:27:57Z" name="closeBrowser" finished-at="2020-07-17T21:27:57Z" duration-ms="762" status="PASS">
          <reporter-output>
          </reporter-output>
        </test-method> <!-- closeBrowser -->
        <test-method is-config="true" signature="setUp()[pri:0, instance:matrix.ca.testcases.LoginPageTest@b46e103]" started-at="2020-07-17T21:28:06Z" name="setUp" finished-at="2020-07-17T21:28:13Z" duration-ms="6976" status="PASS">
          <reporter-output>
          </reporter-output>
        </test-method> <!-- setUp -->
        <test-method signature="UserLoginTest()[pri:2, instance:matrix.ca.testcases.LoginPageTest@b46e103]" started-at="2020-07-17T21:28:13Z" name="UserLoginTest" finished-at="2020-07-17T21:28:13Z" duration-ms="343" status="PASS">
          <reporter-output>
          </reporter-output>
        </test-method> <!-- UserLoginTest -->
        <test-method is-config="true" signature="closeBrowser()[pri:0, instance:matrix.ca.testcases.LoginPageTest@b46e103]" started-at="2020-07-17T21:28:13Z" name="closeBrowser" finished-at="2020-07-17T21:28:14Z" duration-ms="812" status="PASS">
          <reporter-output>
          </reporter-output>
        </test-method> <!-- closeBrowser -->
      </class> <!-- matrix.ca.testcases.LoginPageTest -->
      <class name="matrix.ca.testcases.HomePageTest">
        <test-method is-config="true" signature="setUp()[pri:0, instance:matrix.ca.testcases.HomePageTest@2b0e9f30]" started-at="2020-07-17T21:27:57Z" name="setUp" finished-at="2020-07-17T21:28:05Z" duration-ms="7764" status="PASS">
          <reporter-output>
          </reporter-output>
        </test-method> <!-- setUp -->
        <test-method signature="HomePageTitleTest()[pri:1, instance:matrix.ca.testcases.HomePageTest@2b0e9f30]" started-at="2020-07-17T21:28:05Z" name="HomePageTitleTest" finished-at="2020-07-17T21:28:05Z" duration-ms="9" status="PASS">
          <reporter-output>
          </reporter-output>
        </test-method> <!-- HomePageTitleTest -->
        <test-method is-config="true" signature="closeBrowser()[pri:0, instance:matrix.ca.testcases.HomePageTest@2b0e9f30]" started-at="2020-07-17T21:28:05Z" name="closeBrowser" finished-at="2020-07-17T21:28:06Z" duration-ms="897" status="PASS">
          <reporter-output>
          </reporter-output>
        </test-method> <!-- closeBrowser -->
        <test-method is-config="true" signature="setUp()[pri:0, instance:matrix.ca.testcases.HomePageTest@2b0e9f30]" started-at="2020-07-17T21:28:14Z" name="setUp" finished-at="2020-07-17T21:28:21Z" duration-ms="6759" status="PASS">
          <reporter-output>
          </reporter-output>
        </test-method> <!-- setUp -->
        <test-method signature="CompanyLogoTest()[pri:2, instance:matrix.ca.testcases.HomePageTest@2b0e9f30]" started-at="2020-07-17T21:28:21Z" name="CompanyLogoTest" finished-at="2020-07-17T21:28:24Z" duration-ms="2799" status="PASS">
          <reporter-output>
          </reporter-output>
        </test-method> <!-- CompanyLogoTest -->
        <test-method is-config="true" signature="closeBrowser()[pri:0, instance:matrix.ca.testcases.HomePageTest@2b0e9f30]" started-at="2020-07-17T21:28:24Z" name="closeBrowser" finished-at="2020-07-17T21:28:24Z" duration-ms="767" status="PASS">
          <reporter-output>
          </reporter-output>
        </test-method> <!-- closeBrowser -->
        <test-method is-config="true" signature="setUp()[pri:0, instance:matrix.ca.testcases.HomePageTest@2b0e9f30]" started-at="2020-07-17T21:28:24Z" name="setUp" finished-at="2020-07-17T21:28:33Z" duration-ms="8205" status="PASS">
          <reporter-output>
          </reporter-output>
        </test-method> <!-- setUp -->
        <test-method signature="UserSignInTest()[pri:3, instance:matrix.ca.testcases.HomePageTest@2b0e9f30]" started-at="2020-07-17T21:28:33Z" name="UserSignInTest" finished-at="2020-07-17T21:28:35Z" duration-ms="2657" status="PASS">
          <reporter-output>
          </reporter-output>
        </test-method> <!-- UserSignInTest -->
        <test-method is-config="true" signature="closeBrowser()[pri:0, instance:matrix.ca.testcases.HomePageTest@2b0e9f30]" started-at="2020-07-17T21:28:35Z" name="closeBrowser" finished-at="2020-07-17T21:28:36Z" duration-ms="785" status="PASS">
          <reporter-output>
          </reporter-output>
        </test-method> <!-- closeBrowser -->
        <test-method is-config="true" signature="setUp()[pri:0, instance:matrix.ca.testcases.HomePageTest@2b0e9f30]" started-at="2020-07-17T21:28:36Z" name="setUp" finished-at="2020-07-17T21:28:44Z" duration-ms="8330" status="PASS">
          <reporter-output>
          </reporter-output>
        </test-method> <!-- setUp -->
        <test-method signature="UserSignInBranchTest()[pri:4, instance:matrix.ca.testcases.HomePageTest@2b0e9f30]" started-at="2020-07-17T21:28:44Z" name="UserSignInBranchTest" finished-at="2020-07-17T21:28:45Z" duration-ms="705" status="PASS">
          <reporter-output>
          </reporter-output>
        </test-method> <!-- UserSignInBranchTest -->
        <test-method is-config="true" signature="closeBrowser()[pri:0, instance:matrix.ca.testcases.HomePageTest@2b0e9f30]" started-at="2020-07-17T21:28:45Z" name="closeBrowser" finished-at="2020-07-17T21:28:46Z" duration-ms="793" status="PASS">
          <reporter-output>
          </reporter-output>
        </test-method> <!-- closeBrowser -->
        <test-method is-config="true" signature="setUp()[pri:0, instance:matrix.ca.testcases.HomePageTest@2b0e9f30]" started-at="2020-07-17T21:28:46Z" name="setUp" finished-at="2020-07-17T21:28:53Z" duration-ms="6677" status="PASS">
          <reporter-output>
          </reporter-output>
        </test-method> <!-- setUp -->
        <test-method signature="WelcomeMessageTest()[pri:5, instance:matrix.ca.testcases.HomePageTest@2b0e9f30]" started-at="2020-07-17T21:28:53Z" name="WelcomeMessageTest" finished-at="2020-07-17T21:28:53Z" duration-ms="625" status="PASS">
          <reporter-output>
          </reporter-output>
        </test-method> <!-- WelcomeMessageTest -->
        <test-method is-config="true" signature="closeBrowser()[pri:0, instance:matrix.ca.testcases.HomePageTest@2b0e9f30]" started-at="2020-07-17T21:28:53Z" name="closeBrowser" finished-at="2020-07-17T21:28:54Z" duration-ms="886" status="PASS">
          <reporter-output>
          </reporter-output>
        </test-method> <!-- closeBrowser -->
        <test-method is-config="true" signature="setUp()[pri:0, instance:matrix.ca.testcases.HomePageTest@2b0e9f30]" started-at="2020-07-17T21:28:54Z" name="setUp" finished-at="2020-07-17T21:29:01Z" duration-ms="6937" status="PASS">
          <reporter-output>
          </reporter-output>
        </test-method> <!-- setUp -->
        <test-method signature="CustomerServiceEmailTest()[pri:6, instance:matrix.ca.testcases.HomePageTest@2b0e9f30]" started-at="2020-07-17T21:29:01Z" name="CustomerServiceEmailTest" finished-at="2020-07-17T21:29:03Z" duration-ms="2026" status="FAIL">
          <exception class="java.lang.AssertionError">
            <message>
              <![CDATA[The following asserts failed:
	Matrix Customer Service Email doesn't match. expected [matrixcustomerservice@mycwt] but found [matrixcustomerservice@mycwt.com]]]>
            </message>
            <full-stacktrace>
              <![CDATA[java.lang.AssertionError: The following asserts failed:
	Matrix Customer Service Email doesn't match. expected [matrixcustomerservice@mycwt] but found [matrixcustomerservice@mycwt.com]
	at org.testng.asserts.SoftAssert.assertAll(SoftAssert.java:43)
	at matrix.ca.testcases.HomePageTest.CustomerServiceEmailTest(HomePageTest.java:168)
	at java.base/jdk.internal.reflect.NativeMethodAccessorImpl.invoke0(Native Method)
	at java.base/jdk.internal.reflect.NativeMethodAccessorImpl.invoke(NativeMethodAccessorImpl.java:62)
	at java.base/jdk.internal.reflect.DelegatingMethodAccessorImpl.invoke(DelegatingMethodAccessorImpl.java:43)
	at java.base/java.lang.reflect.Method.invoke(Method.java:566)
	at org.testng.internal.MethodInvocationHelper.invokeMethod(MethodInvocationHelper.java:108)
	at org.testng.internal.Invoker.invokeMethod(Invoker.java:661)
	at org.testng.internal.Invoker.invokeTestMethod(Invoker.java:869)
	at org.testng.internal.Invoker.invokeTestMethods(Invoker.java:1193)
	at org.testng.internal.TestMethodWorker.invokeTestMethods(TestMethodWorker.java:126)
	at org.testng.internal.TestMethodWorker.run(TestMethodWorker.java:109)
	at org.testng.TestRunner.privateRun(TestRunner.java:744)
	at org.testng.TestRunner.run(TestRunner.java:602)
	at org.testng.SuiteRunner.runTest(SuiteRunner.java:380)
	at org.testng.SuiteRunner.runSequentially(SuiteRunner.java:375)
	at org.testng.SuiteRunner.privateRun(SuiteRunner.java:340)
	at org.testng.SuiteRunner.run(SuiteRunner.java:289)
	at org.testng.SuiteRunnerWorker.runSuite(SuiteRunnerWorker.java:52)
	at org.testng.SuiteRunnerWorker.run(SuiteRunnerWorker.java:86)
	at org.testng.TestNG.runSuitesSequentially(TestNG.java:1301)
	at org.testng.TestNG.runSuitesLocally(TestNG.java:1226)
	at org.testng.TestNG.runSuites(TestNG.java:1144)
	at org.testng.TestNG.run(TestNG.java:1115)
	at org.testng.remote.AbstractRemoteTestNG.run(AbstractRemoteTestNG.java:115)
	at org.testng.remote.RemoteTestNG.initAndRun(RemoteTestNG.java:251)
	at org.testng.remote.RemoteTestNG.main(RemoteTestNG.java:77)
]]>
            </full-stacktrace>
          </exception> <!-- java.lang.AssertionError -->
          <reporter-output>
          </reporter-output>
        </test-method> <!-- CustomerServiceEmailTest -->
        <test-method is-config="true" signature="closeBrowser()[pri:0, instance:matrix.ca.testcases.HomePageTest@2b0e9f30]" started-at="2020-07-17T21:29:03Z" name="closeBrowser" finished-at="2020-07-17T21:29:04Z" duration-ms="967" status="PASS">
          <reporter-output>
          </reporter-output>
        </test-method> <!-- closeBrowser -->
      </class> <!-- matrix.ca.testcases.HomePageTest -->
    </test> <!-- Matrix CA Test Cases -->
  </suite> <!-- MATRIX CA AUTOMATION - REGRESSION TEST SUITE -->
</testng-results>
