<?xml version="1.0" encoding="UTF-8"?>
<!-- Generated by org.testng.reporters.JUnitReportReporter -->
<testsuite hostname="L0USMN000110689" failures="1" tests="6" name="matrix.ca.testcases.HomePageTest" time="58.588" errors="0" timestamp="18 Jul 2020 02:29:04 GMT" skipped="0">
  <testcase classname="matrix.ca.testcases.HomePageTest" name="HomePageTitleTest" time="7.913"/>
  <testcase classname="matrix.ca.testcases.HomePageTest" name="CompanyLogoTest" time="11.460"/>
  <testcase classname="matrix.ca.testcases.HomePageTest" name="UserSignInTest" time="10.101"/>
  <testcase classname="matrix.ca.testcases.HomePageTest" name="UserSignInBranchTest" time="9.703"/>
  <testcase classname="matrix.ca.testcases.HomePageTest" name="WelcomeMessageTest" time="9.841"/>
  <testcase classname="matrix.ca.testcases.HomePageTest" name="CustomerServiceEmailTest" time="9.570">
    <failure message="The following asserts failed:
	Matrix Customer Service Email doesn&#039;t match. expected [matrixcustomerservice@mycwt] but found [matrixcustomerservice@mycwt.com]" type="java.lang.AssertionError">
      <![CDATA[java.lang.AssertionError: The following asserts failed:
	Matrix Customer Service Email doesn't match. expected [matrixcustomerservice@mycwt] but found [matrixcustomerservice@mycwt.com]
	at org.testng.asserts.SoftAssert.assertAll(SoftAssert.java:43)
	at matrix.ca.testcases.HomePageTest.CustomerServiceEmailTest(HomePageTest.java:168)
	at java.base/jdk.internal.reflect.NativeMethodAccessorImpl.invoke0(Native Method)
	at java.base/jdk.internal.reflect.NativeMethodAccessorImpl.invoke(NativeMethodAccessorImpl.java:62)
	at java.base/jdk.internal.reflect.DelegatingMethodAccessorImpl.invoke(DelegatingMethodAccessorImpl.java:43)
	at java.base/java.lang.reflect.Method.invoke(Method.java:566)
	at org.testng.internal.MethodInvocationHelper.invokeMethod(MethodInvocationHelper.java:108)
	at org.testng.internal.Invoker.invokeMethod(Invoker.java:661)
	at org.testng.internal.Invoker.invokeTestMethod(Invoker.java:869)
	at org.testng.internal.Invoker.invokeTestMethods(Invoker.java:1193)
	at org.testng.internal.TestMethodWorker.invokeTestMethods(TestMethodWorker.java:126)
	at org.testng.internal.TestMethodWorker.run(TestMethodWorker.java:109)
	at org.testng.TestRunner.privateRun(TestRunner.java:744)
	at org.testng.TestRunner.run(TestRunner.java:602)
	at org.testng.SuiteRunner.runTest(SuiteRunner.java:380)
	at org.testng.SuiteRunner.runSequentially(SuiteRunner.java:375)
	at org.testng.SuiteRunner.privateRun(SuiteRunner.java:340)
	at org.testng.SuiteRunner.run(SuiteRunner.java:289)
	at org.testng.SuiteRunnerWorker.runSuite(SuiteRunnerWorker.java:52)
	at org.testng.SuiteRunnerWorker.run(SuiteRunnerWorker.java:86)
	at org.testng.TestNG.runSuitesSequentially(TestNG.java:1301)
	at org.testng.TestNG.runSuitesLocally(TestNG.java:1226)
	at org.testng.TestNG.runSuites(TestNG.java:1144)
	at org.testng.TestNG.run(TestNG.java:1115)
	at org.testng.remote.AbstractRemoteTestNG.run(AbstractRemoteTestNG.java:115)
	at org.testng.remote.RemoteTestNG.initAndRun(RemoteTestNG.java:251)
	at org.testng.remote.RemoteTestNG.main(RemoteTestNG.java:77)
]]>
    </failure>
  </testcase> <!-- CustomerServiceEmailTest -->
</testsuite> <!-- matrix.ca.testcases.HomePageTest -->
